# JRE version: OpenJDK Runtime Environment (11.0.13+8) (build 11.0.13+8-Ubuntu-0ubuntu1.18.04)
# Java VM: OpenJDK 64-Bit Server VM (11.0.13+8-Ubuntu-0ubuntu1.18.04, mixed mode, sharing, tiered, compressed oops, g1 gc, linux-amd64)
Heap:
 garbage-first heap   total 181248K, used 12298K [0x0000000085800000, 0x0000000100000000)
  region size 1024K, 7 young (7168K), 6 survivors (6144K)
 Metaspace       used 20212K, capacity 21003K, committed 21376K, reserved 1067008K
  class space    used 2488K, capacity 2819K, committed 2944K, reserved 1048576K
GC Heap History (12 events):
Event: 0,529 GC heap before
{Heap before GC invocations=0 (full 0):
 garbage-first heap   total 129024K, used 16072K [0x0000000085800000, 0x0000000100000000)
  region size 1024K, 14 young (14336K), 0 survivors (0K)
 Metaspace       used 2496K, capacity 5659K, committed 5760K, reserved 1056768K
  class space    used 243K, capacity 546K, committed 640K, reserved 1048576K
}
Event: 0,543 GC heap after
{Heap after GC invocations=1 (full 0):
 garbage-first heap   total 129024K, used 6074K [0x0000000085800000, 0x0000000100000000)
  region size 1024K, 2 young (2048K), 2 survivors (2048K)
 Metaspace       used 2496K, capacity 5659K, committed 5760K, reserved 1056768K
  class space    used 243K, capacity 546K, committed 640K, reserved 1048576K
}
Event: 0,871 GC heap before
{Heap before GC invocations=1 (full 0):
 garbage-first heap   total 129024K, used 14266K [0x0000000085800000, 0x0000000100000000)
  region size 1024K, 10 young (10240K), 2 survivors (2048K)
 Metaspace       used 4363K, capacity 6895K, committed 6912K, reserved 1056768K
  class space    used 489K, capacity 752K, committed 768K, reserved 1048576K
}
Event: 0,891 GC heap after
{Heap after GC invocations=2 (full 0):
 garbage-first heap   total 129024K, used 6674K [0x0000000085800000, 0x0000000100000000)
  region size 1024K, 1 young (1024K), 1 survivors (1024K)
 Metaspace       used 4363K, capacity 6895K, committed 6912K, reserved 1056768K
  class space    used 489K, capacity 752K, committed 768K, reserved 1048576K
}
Event: 1,596 GC heap before
{Heap before GC invocations=2 (full 0):
 garbage-first heap   total 129024K, used 32274K [0x0000000085800000, 0x0000000100000000)
  region size 1024K, 26 young (26624K), 1 survivors (1024K)
 Metaspace       used 9314K, capacity 10535K, committed 10624K, reserved 1058816K
  class space    used 1179K, capacity 1405K, committed 1408K, reserved 1048576K
}
Event: 1,602 GC heap after
{Heap after GC invocations=3 (full 0):
 garbage-first heap   total 129024K, used 8157K [0x0000000085800000, 0x0000000100000000)
  region size 1024K, 2 young (2048K), 2 survivors (2048K)
 Metaspace       used 9314K, capacity 10535K, committed 10624K, reserved 1058816K
  class space    used 1179K, capacity 1405K, committed 1408K, reserved 1048576K
}
Event: 2,287 GC heap before
{Heap before GC invocations=3 (full 0):
 garbage-first heap   total 129024K, used 45021K [0x0000000085800000, 0x0000000100000000)
  region size 1024K, 39 young (39936K), 2 survivors (2048K)
 Metaspace       used 15460K, capacity 16092K, committed 16256K, reserved 1062912K
  class space    used 1916K, capacity 2155K, committed 2176K, reserved 1048576K
}
Event: 2,301 GC heap after
{Heap after GC invocations=4 (full 0):
 garbage-first heap   total 129024K, used 9330K [0x0000000085800000, 0x0000000100000000)
  region size 1024K, 4 young (4096K), 4 survivors (4096K)
 Metaspace       used 15460K, capacity 16092K, committed 16256K, reserved 1062912K
  class space    used 1916K, capacity 2155K, committed 2176K, reserved 1048576K
}
Event: 2,716 GC heap before
{Heap before GC invocations=4 (full 0):
 garbage-first heap   total 129024K, used 60530K [0x0000000085800000, 0x0000000100000000)
  region size 1024K, 55 young (56320K), 4 survivors (4096K)
 Metaspace       used 15874K, capacity 16496K, committed 16896K, reserved 1064960K
  class space    used 1948K, capacity 2198K, committed 2304K, reserved 1048576K
}
Event: 2,735 GC heap after
{Heap after GC invocations=5 (full 0):
 garbage-first heap   total 181248K, used 10520K [0x0000000085800000, 0x0000000100000000)
  region size 1024K, 5 young (5120K), 5 survivors (5120K)
 Metaspace       used 15874K, capacity 16496K, committed 16896K, reserved 1064960K
  class space    used 1948K, capacity 2198K, committed 2304K, reserved 1048576K
}
Event: 4,115 GC heap before
{Heap before GC invocations=5 (full 0):
 garbage-first heap   total 181248K, used 60696K [0x0000000085800000, 0x0000000100000000)
  region size 1024K, 55 young (56320K), 5 survivors (5120K)
 Metaspace       used 20195K, capacity 20971K, committed 21248K, reserved 1067008K
  class space    used 2486K, capacity 2787K, committed 2816K, reserved 1048576K
}
Event: 4,140 GC heap after
{Heap after GC invocations=6 (full 0):
 garbage-first heap   total 181248K, used 12298K [0x0000000085800000, 0x0000000100000000)
  region size 1024K, 6 young (6144K), 6 survivors (6144K)
 Metaspace       used 20195K, capacity 20971K, committed 21248K, reserved 1067008K
  class space    used 2486K, capacity 2787K, committed 2816K, reserved 1048576K
}

